{
  "RSpec": {
    "coverage": {
      "/home/About3lank/tic-tac-toe-rb-ruby-intro-000/lib/tic_tac_toe.rb": [
        null,
        1,
        null,
        null,
        null,
        null,
        null,
        null,
        null,
        null,
        null,
        1,
        5,
        5,
        5,
        5,
        5,
        5,
        null,
        null,
        1,
        null,
        5,
        5,
        null,
        null,
        1,
        null,
        null,
        5,
        5,
        5,
        null,
        null,
        1,
        null,
        null,
        8,
        null,
        null,
        1,
        null,
        6,
        null,
        null,
        1,
        null,
        2,
        2,
        2,
        2,
        2,
        1,
        1,
        null,
        2,
        null,
        null,
        1,
        null,
        4,
        4,
        36,
        null,
        4,
        null,
        null,
        1,
        null,
        3,
        3,
        3,
        null,
        0,
        null,
        null,
        null,
        null,
        1,
        78,
        null,
        null,
        null,
        null,
        null,
        1,
        null,
        null,
        72,
        null,
        null,
        1,
        null,
        null,
        null,
        null,
        6,
        null,
        null,
        1,
        null,
        null,
        3,
        null,
        null,
        1,
        3,
        null,
        null,
        2,
        2,
        null,
        null,
        null,
        1,
        null,
        null,
        null,
        null,
        0,
        0,
        0,
        null,
        0,
        0,
        0,
        0,
        null,
        null
      ]
    },
    "timestamp": 1597097719
  }
}
